<?xml version="1.0" encoding="UTF-8"?>
<testng-results ignored="0" total="1" passed="1" failed="0" skipped="0">
  <reporter-output>
  </reporter-output>
  <suite started-at="2023-12-06T15:11:03 IST" name="FrameWorkPractise suite" finished-at="2023-12-06T15:11:39 IST" duration-ms="36475">
    <groups>
    </groups>
    <test started-at="2023-12-06T15:11:03 IST" name="practise" finished-at="2023-12-06T15:11:39 IST" duration-ms="36475">
      <class name="testCases.Login_Test">
        <test-method is-config="true" signature="setUp()[pri:0, instance:testCases.Login_Test@593aaf41]" started-at="2023-12-06T15:11:03 IST" name="setUp" finished-at="2023-12-06T15:11:15 IST" duration-ms="12111" status="PASS">
          <reporter-output>
          </reporter-output>
        </test-method> <!-- setUp -->
        <test-method signature="logintest()[pri:0, instance:testCases.Login_Test@593aaf41]" started-at="2023-12-06T15:11:15 IST" name="logintest" finished-at="2023-12-06T15:11:39 IST" duration-ms="23928" status="PASS">
          <reporter-output>
          </reporter-output>
        </test-method> <!-- logintest -->
        <test-method is-config="true" signature="tearDown()[pri:0, instance:testCases.Login_Test@593aaf41]" started-at="2023-12-06T15:11:39 IST" name="tearDown" finished-at="2023-12-06T15:11:39 IST" duration-ms="395" status="PASS">
          <reporter-output>
          </reporter-output>
        </test-method> <!-- tearDown -->
      </class> <!-- testCases.Login_Test -->
    </test> <!-- practise -->
  </suite> <!-- FrameWorkPractise suite -->
</testng-results>
