<?xml version="1.0" encoding="UTF-8"?>
<testng-results ignored="0" total="1" passed="1" failed="0" skipped="0">
  <reporter-output>
  </reporter-output>
  <suite started-at="2023-12-06T14:02:03 IST" name="Default suite" finished-at="2023-12-06T14:02:41 IST" duration-ms="38945">
    <groups>
    </groups>
    <test started-at="2023-12-06T14:02:03 IST" name="Default test" finished-at="2023-12-06T14:02:41 IST" duration-ms="38945">
      <class name="testCases.HoemPage_Test">
        <test-method is-config="true" signature="setUp()[pri:0, instance:testCases.HoemPage_Test@17f62e33]" started-at="2023-12-06T14:02:03 IST" name="setUp" finished-at="2023-12-06T14:02:26 IST" duration-ms="23499" status="PASS">
          <reporter-output>
          </reporter-output>
        </test-method> <!-- setUp -->
        <test-method signature="verifyuserlabel()[pri:0, instance:testCases.HoemPage_Test@17f62e33]" started-at="2023-12-06T14:02:26 IST" name="verifyuserlabel" finished-at="2023-12-06T14:02:38 IST" duration-ms="12174" status="PASS">
          <reporter-output>
          </reporter-output>
        </test-method> <!-- verifyuserlabel -->
        <test-method is-config="true" signature="tearDown()[pri:0, instance:testCases.HoemPage_Test@17f62e33]" started-at="2023-12-06T14:02:38 IST" name="tearDown" finished-at="2023-12-06T14:02:41 IST" duration-ms="3150" status="PASS">
          <reporter-output>
          </reporter-output>
        </test-method> <!-- tearDown -->
      </class> <!-- testCases.HoemPage_Test -->
    </test> <!-- Default test -->
  </suite> <!-- Default suite -->
</testng-results>
